<?xml version="1.0" encoding="UTF-8"?>
<!-- Generated by org.testng.reporters.JUnitReportReporter -->
<testsuite skipped="1" hostname="IMCBCP42-MSL2" name="com.crm.qa.testcases.LoginPageTest" tests="2" failures="0" timestamp="9 Dec 2020 10:45:42 GMT" time="0.001" errors="1">
  <testcase name="SetUp" time="0.000" classname="com.crm.qa.testcases.LoginPageTest">
    <error type="org.openqa.selenium.SessionNotCreatedException" message="session not created: This version of ChromeDriver only supports Chrome version 85
Build info: version: &#039;4.0.0-alpha-6&#039;, revision: &#039;5f43a29cfc&#039;
System info: host: &#039;IMCBCP42-MSL2&#039;, ip: &#039;169.8.15.108&#039;, os.name: &#039;Windows 10&#039;, os.arch: &#039;amd64&#039;, os.version: &#039;10.0&#039;, java.version: &#039;1.8.0_221&#039;
Driver info: driver.version: ChromeDriver
remote stacktrace: Backtrace:
	Ordinal0 [0x0097D383+3134339]
	Ordinal0 [0x0086A171+2007409]
	Ordinal0 [0x0070AEE8+569064]
	Ordinal0 [0x0069139F+70559]
	Ordinal0 [0x0068CC63+52323]
	Ordinal0 [0x006B0DFC+200188]
	Ordinal0 [0x006B0C1D+199709]
	Ordinal0 [0x006AEB0B+191243]
	Ordinal0 [0x00692E77+77431]
	Ordinal0 [0x00693E3E+81470]
	Ordinal0 [0x00693DC9+81353]
	Ordinal0 [0x00880CD9+2100441]
	GetHandleVerifier [0x00AEB75A+1396954]
	GetHandleVerifier [0x00AEB3D9+1396057]
	GetHandleVerifier [0x00AF7126+1444518]
	GetHandleVerifier [0x00AEBCE8+1398376]
	Ordinal0 [0x00877F51+2064209]
	Ordinal0 [0x008822EB+2106091]
	Ordinal0 [0x00882411+2106385]
	Ordinal0 [0x008949C4+2181572]
	BaseThreadInitThunk [0x77376359+25]
	RtlGetAppContainerNamedObjectPath [0x77598944+228]
	RtlGetAppContainerNamedObjectPath [0x77598914+180]
">
      <![CDATA[org.openqa.selenium.SessionNotCreatedException: session not created: This version of ChromeDriver only supports Chrome version 85
Build info: version: '4.0.0-alpha-6', revision: '5f43a29cfc'
System info: host: 'IMCBCP42-MSL2', ip: '169.8.15.108', os.name: 'Windows 10', os.arch: 'amd64', os.version: '10.0', java.version: '1.8.0_221'
Driver info: driver.version: ChromeDriver
remote stacktrace: Backtrace:
	Ordinal0 [0x0097D383+3134339]
	Ordinal0 [0x0086A171+2007409]
	Ordinal0 [0x0070AEE8+569064]
	Ordinal0 [0x0069139F+70559]
	Ordinal0 [0x0068CC63+52323]
	Ordinal0 [0x006B0DFC+200188]
	Ordinal0 [0x006B0C1D+199709]
	Ordinal0 [0x006AEB0B+191243]
	Ordinal0 [0x00692E77+77431]
	Ordinal0 [0x00693E3E+81470]
	Ordinal0 [0x00693DC9+81353]
	Ordinal0 [0x00880CD9+2100441]
	GetHandleVerifier [0x00AEB75A+1396954]
	GetHandleVerifier [0x00AEB3D9+1396057]
	GetHandleVerifier [0x00AF7126+1444518]
	GetHandleVerifier [0x00AEBCE8+1398376]
	Ordinal0 [0x00877F51+2064209]
	Ordinal0 [0x008822EB+2106091]
	Ordinal0 [0x00882411+2106385]
	Ordinal0 [0x008949C4+2181572]
	BaseThreadInitThunk [0x77376359+25]
	RtlGetAppContainerNamedObjectPath [0x77598944+228]
	RtlGetAppContainerNamedObjectPath [0x77598914+180]

	at sun.reflect.NativeConstructorAccessorImpl.newInstance0(Native Method)
	at sun.reflect.NativeConstructorAccessorImpl.newInstance(Unknown Source)
	at sun.reflect.DelegatingConstructorAccessorImpl.newInstance(Unknown Source)
	at java.lang.reflect.Constructor.newInstance(Unknown Source)
	at org.openqa.selenium.remote.W3CHandshakeResponse.lambda$errorHandler$0(W3CHandshakeResponse.java:62)
	at org.openqa.selenium.remote.HandshakeResponse.lambda$getResponseFunction$0(HandshakeResponse.java:30)
	at org.openqa.selenium.remote.ProtocolHandshake.lambda$createSession$1(ProtocolHandshake.java:126)
	at java.util.stream.ReferencePipeline$3$1.accept(Unknown Source)
	at java.util.Spliterators$ArraySpliterator.tryAdvance(Unknown Source)
	at java.util.stream.ReferencePipeline.forEachWithCancel(Unknown Source)
	at java.util.stream.AbstractPipeline.copyIntoWithCancel(Unknown Source)
	at java.util.stream.AbstractPipeline.copyInto(Unknown Source)
	at java.util.stream.AbstractPipeline.wrapAndCopyInto(Unknown Source)
	at java.util.stream.FindOps$FindOp.evaluateSequential(Unknown Source)
	at java.util.stream.AbstractPipeline.evaluate(Unknown Source)
	at java.util.stream.ReferencePipeline.findFirst(Unknown Source)
	at org.openqa.selenium.remote.ProtocolHandshake.createSession(ProtocolHandshake.java:128)
	at org.openqa.selenium.remote.ProtocolHandshake.createSession(ProtocolHandshake.java:75)
	at org.openqa.selenium.remote.HttpCommandExecutor.execute(HttpCommandExecutor.java:138)
	at org.openqa.selenium.remote.service.DriverCommandExecutor.execute(DriverCommandExecutor.java:83)
	at org.openqa.selenium.remote.RemoteWebDriver.execute(RemoteWebDriver.java:582)
	at org.openqa.selenium.remote.RemoteWebDriver.startSession(RemoteWebDriver.java:216)
	at org.openqa.selenium.remote.RemoteWebDriver.<init>(RemoteWebDriver.java:136)
	at org.openqa.selenium.chromium.ChromiumDriver.<init>(ChromiumDriver.java:75)
	at org.openqa.selenium.chrome.ChromeDriver.<init>(ChromeDriver.java:163)
	at org.openqa.selenium.chrome.ChromeDriver.<init>(ChromeDriver.java:150)
	at org.openqa.selenium.chrome.ChromeDriver.<init>(ChromeDriver.java:105)
	at com.crm.qa.base.TestBase.initialization(TestBase.java:33)
	at com.crm.qa.testcases.LoginPageTest.SetUp(LoginPageTest.java:64)
	at sun.reflect.NativeMethodAccessorImpl.invoke0(Native Method)
	at sun.reflect.NativeMethodAccessorImpl.invoke(Unknown Source)
	at sun.reflect.DelegatingMethodAccessorImpl.invoke(Unknown Source)
	at java.lang.reflect.Method.invoke(Unknown Source)
	at org.testng.internal.MethodInvocationHelper.invokeMethod(MethodInvocationHelper.java:100)
	at org.testng.internal.Invoker.invokeConfigurationMethod(Invoker.java:515)
	at org.testng.internal.Invoker.invokeConfigurations(Invoker.java:216)
	at org.testng.internal.Invoker.invokeMethod(Invoker.java:590)
	at org.testng.internal.Invoker.invokeTestMethod(Invoker.java:811)
	at org.testng.internal.Invoker.invokeTestMethods(Invoker.java:1137)
	at org.testng.internal.TestMethodWorker.invokeTestMethods(TestMethodWorker.java:129)
	at org.testng.internal.TestMethodWorker.run(TestMethodWorker.java:112)
	at org.testng.TestRunner.privateRun(TestRunner.java:753)
	at org.testng.TestRunner.run(TestRunner.java:607)
	at org.testng.SuiteRunner.runTest(SuiteRunner.java:368)
	at org.testng.SuiteRunner.runSequentially(SuiteRunner.java:363)
	at org.testng.SuiteRunner.privateRun(SuiteRunner.java:321)
	at org.testng.SuiteRunner.run(SuiteRunner.java:270)
	at org.testng.SuiteRunnerWorker.runSuite(SuiteRunnerWorker.java:52)
	at org.testng.SuiteRunnerWorker.run(SuiteRunnerWorker.java:86)
	at org.testng.TestNG.runSuitesSequentially(TestNG.java:1284)
	at org.testng.TestNG.runSuitesLocally(TestNG.java:1209)
	at org.testng.TestNG.runSuites(TestNG.java:1124)
	at org.testng.TestNG.run(TestNG.java:1096)
	at org.testng.remote.AbstractRemoteTestNG.run(AbstractRemoteTestNG.java:132)
	at org.testng.remote.RemoteTestNG.initAndRun(RemoteTestNG.java:236)
	at org.testng.remote.RemoteTestNG.main(RemoteTestNG.java:81)
]]>
    </error>
  </testcase> <!-- SetUp -->
  <testcase name="LoginPageTitleTest" time="0.001" classname="com.crm.qa.testcases.LoginPageTest">
    <skipped/>
  </testcase> <!-- LoginPageTitleTest -->
</testsuite> <!-- com.crm.qa.testcases.LoginPageTest -->
